# JRE version: 7.0_13-b20
# Java VM: Java HotSpot(TM) 64-Bit Server VM (23.7-b01 mixed mode windows-amd64 compressed oops)
Heap
 PSYoungGen      total 164928K, used 153108K [0x00000000f5560000, 0x0000000100000000, 0x0000000100000000)
  eden space 155520K, 98% used [0x00000000f5560000,0x00000000fea8ebd8,0x00000000fed40000)
  from space 9408K, 3% used [0x00000000ff6d0000,0x00000000ff726520,0x0000000100000000)
  to   space 9600K, 0% used [0x00000000fed40000,0x00000000fed40000,0x00000000ff6a0000)
 ParOldGen       total 87424K, used 9651K [0x00000000e0000000, 0x00000000e5560000, 0x00000000f5560000)
  object space 87424K, 11% used [0x00000000e0000000,0x00000000e096ce48,0x00000000e5560000)
 PSPermGen       total 24128K, used 24088K [0x00000000dae00000, 0x00000000dc590000, 0x00000000e0000000)
  object space 24128K, 99% used [0x00000000dae00000,0x00000000dc5863e0,0x00000000dc590000)
GC Heap History (10 events):
Event: 7.053 GC heap before
{Heap before GC invocations=6 (full 0):
 PSYoungGen      total 70976K, used 70909K [0x00000000f5560000, 0x00000000fe580000, 0x0000000100000000)
  eden space 65536K, 99% used [0x00000000f5560000,0x00000000f95574b8,0x00000000f9560000)
  from space 5440K, 99% used [0x00000000f9560000,0x00000000f9aa8268,0x00000000f9ab0000)
  to   space 8256K, 0% used [0x00000000fdd70000,0x00000000fdd70000,0x00000000fe580000)
 ParOldGen       total 87424K, used 4250K [0x00000000e0000000, 0x00000000e5560000, 0x00000000f5560000)
  object space 87424K, 4% used [0x00000000e0000000,0x00000000e0426868,0x00000000e5560000)
 PSPermGen       total 21248K, used 20476K [0x00000000dae00000, 0x00000000dc2c0000, 0x00000000e0000000)
  object space 21248K, 96% used [0x00000000dae00000,0x00000000dc1ff2a8,0x00000000dc2c0000)
Event: 7.067 GC heap after
Heap after GC invocations=6 (full 0):
 PSYoungGen      total 138816K, used 5460K [0x00000000f5560000, 0x00000000fe500000, 0x0000000100000000)
  eden space 131072K, 0% used [0x00000000f5560000,0x00000000f5560000,0x00000000fd560000)
  from space 7744K, 70% used [0x00000000fdd70000,0x00000000fe2c50e0,0x00000000fe500000)
  to   space 8000K, 0% used [0x00000000fd560000,0x00000000fd560000,0x00000000fdd30000)
 ParOldGen       total 87424K, used 4250K [0x00000000e0000000, 0x00000000e5560000, 0x00000000f5560000)
  object space 87424K, 4% used [0x00000000e0000000,0x00000000e0426868,0x00000000e5560000)
 PSPermGen       total 21248K, used 20476K [0x00000000dae00000, 0x00000000dc2c0000, 0x00000000e0000000)
  object space 21248K, 96% used [0x00000000dae00000,0x00000000dc1ff2a8,0x00000000dc2c0000)
}
Event: 7.146 GC heap before
{Heap before GC invocations=7 (full 0):
 PSYoungGen      total 138816K, used 136532K [0x00000000f5560000, 0x00000000fe500000, 0x0000000100000000)
  eden space 131072K, 100% used [0x00000000f5560000,0x00000000fd560000,0x00000000fd560000)
  from space 7744K, 70% used [0x00000000fdd70000,0x00000000fe2c50e0,0x00000000fe500000)
  to   space 8000K, 0% used [0x00000000fd560000,0x00000000fd560000,0x00000000fdd30000)
 ParOldGen       total 87424K, used 4250K [0x00000000e0000000, 0x00000000e5560000, 0x00000000f5560000)
  object space 87424K, 4% used [0x00000000e0000000,0x00000000e0426868,0x00000000e5560000)
 PSPermGen       total 21248K, used 20476K [0x00000000dae00000, 0x00000000dc2c0000, 0x00000000e0000000)
  object space 21248K, 96% used [0x00000000dae00000,0x00000000dc1ff350,0x00000000dc2c0000)
Event: 7.163 GC heap after
Heap after GC invocations=7 (full 0):
 PSYoungGen      total 139072K, used 3199K [0x00000000f5560000, 0x0000000100000000, 0x0000000100000000)
  eden space 131072K, 0% used [0x00000000f5560000,0x00000000f5560000,0x00000000fd560000)
  from space 8000K, 39% used [0x00000000fd560000,0x00000000fd87fd20,0x00000000fdd30000)
  to   space 8320K, 0% used [0x00000000ff7e0000,0x00000000ff7e0000,0x0000000100000000)
 ParOldGen       total 87424K, used 6647K [0x00000000e0000000, 0x00000000e5560000, 0x00000000f5560000)
  object space 87424K, 7% used [0x00000000e0000000,0x00000000e067dd48,0x00000000e5560000)
 PSPermGen       total 21248K, used 20476K [0x00000000dae00000, 0x00000000dc2c0000, 0x00000000e0000000)
  object space 21248K, 96% used [0x00000000dae00000,0x00000000dc1ff350,0x00000000dc2c0000)
}
Event: 7.229 GC heap before
{Heap before GC invocations=8 (full 0):
 PSYoungGen      total 139072K, used 134162K [0x00000000f5560000, 0x0000000100000000, 0x0000000100000000)
  eden space 131072K, 99% used [0x00000000f5560000,0x00000000fd544d00,0x00000000fd560000)
  from space 8000K, 39% used [0x00000000fd560000,0x00000000fd87fd20,0x00000000fdd30000)
  to   space 8320K, 0% used [0x00000000ff7e0000,0x00000000ff7e0000,0x0000000100000000)
 ParOldGen       total 87424K, used 6647K [0x00000000e0000000, 0x00000000e5560000, 0x00000000f5560000)
  object space 87424K, 7% used [0x00000000e0000000,0x00000000e067dd48,0x00000000e5560000)
 PSPermGen       total 21248K, used 20478K [0x00000000dae00000, 0x00000000dc2c0000, 0x00000000e0000000)
  object space 21248K, 96% used [0x00000000dae00000,0x00000000dc1ffa40,0x00000000dc2c0000)
Event: 7.235 GC heap after
Heap after GC invocations=8 (full 0):
 PSYoungGen      total 164992K, used 180K [0x00000000f5560000, 0x0000000100000000, 0x0000000100000000)
  eden space 156672K, 0% used [0x00000000f5560000,0x00000000f5560000,0x00000000fee60000)
  from space 8320K, 2% used [0x00000000ff7e0000,0x00000000ff80d3c8,0x0000000100000000)
  to   space 9024K, 0% used [0x00000000fee60000,0x00000000fee60000,0x00000000ff730000)
 ParOldGen       total 87424K, used 9644K [0x00000000e0000000, 0x00000000e5560000, 0x00000000f5560000)
  object space 87424K, 11% used [0x00000000e0000000,0x00000000e096b130,0x00000000e5560000)
 PSPermGen       total 21248K, used 20478K [0x00000000dae00000, 0x00000000dc2c0000, 0x00000000e0000000)
  object space 21248K, 96% used [0x00000000dae00000,0x00000000dc1ffa40,0x00000000dc2c0000)
}
Event: 7.318 GC heap before
{Heap before GC invocations=9 (full 0):
 PSYoungGen      total 164992K, used 156624K [0x00000000f5560000, 0x0000000100000000, 0x0000000100000000)
  eden space 156672K, 99% used [0x00000000f5560000,0x00000000fee26e90,0x00000000fee60000)
  from space 8320K, 2% used [0x00000000ff7e0000,0x00000000ff80d3c8,0x0000000100000000)
  to   space 9024K, 0% used [0x00000000fee60000,0x00000000fee60000,0x00000000ff730000)
 ParOldGen       total 87424K, used 9644K [0x00000000e0000000, 0x00000000e5560000, 0x00000000f5560000)
  object space 87424K, 11% used [0x00000000e0000000,0x00000000e096b130,0x00000000e5560000)
 PSPermGen       total 21248K, used 20478K [0x00000000dae00000, 0x00000000dc2c0000, 0x00000000e0000000)
  object space 21248K, 96% used [0x00000000dae00000,0x00000000dc1ffa40,0x00000000dc2c0000)
Event: 7.319 GC heap after
Heap after GC invocations=9 (full 0):
 PSYoungGen      total 156992K, used 308K [0x00000000f5560000, 0x0000000100000000, 0x0000000100000000)
  eden space 156672K, 0% used [0x00000000f5560000,0x00000000f5560000,0x00000000fee60000)
  from space 320K, 96% used [0x00000000fee60000,0x00000000feead080,0x00000000feeb0000)
  to   space 9408K, 0% used [0x00000000ff6d0000,0x00000000ff6d0000,0x0000000100000000)
 ParOldGen       total 87424K, used 9651K [0x00000000e0000000, 0x00000000e5560000, 0x00000000f5560000)
  object space 87424K, 11% used [0x00000000e0000000,0x00000000e096ce48,0x00000000e5560000)
 PSPermGen       total 21248K, used 20478K [0x00000000dae00000, 0x00000000dc2c0000, 0x00000000e0000000)
  object space 21248K, 96% used [0x00000000dae00000,0x00000000dc1ffa40,0x00000000dc2c0000)
}
Event: 7.405 GC heap before
{Heap before GC invocations=10 (full 0):
 PSYoungGen      total 156992K, used 156980K [0x00000000f5560000, 0x0000000100000000, 0x0000000100000000)
  eden space 156672K, 100% used [0x00000000f5560000,0x00000000fee60000,0x00000000fee60000)
  from space 320K, 96% used [0x00000000fee60000,0x00000000feead080,0x00000000feeb0000)
  to   space 9408K, 0% used [0x00000000ff6d0000,0x00000000ff6d0000,0x0000000100000000)
 ParOldGen       total 87424K, used 9651K [0x00000000e0000000, 0x00000000e5560000, 0x00000000f5560000)
  object space 87424K, 11% used [0x00000000e0000000,0x00000000e096ce48,0x00000000e5560000)
 PSPermGen       total 21248K, used 20478K [0x00000000dae00000, 0x00000000dc2c0000, 0x00000000e0000000)
  object space 21248K, 96% used [0x00000000dae00000,0x00000000dc1ffa40,0x00000000dc2c0000)
Event: 7.406 GC heap after
Heap after GC invocations=10 (full 0):
 PSYoungGen      total 164928K, used 345K [0x00000000f5560000, 0x0000000100000000, 0x0000000100000000)
  eden space 155520K, 0% used [0x00000000f5560000,0x00000000f5560000,0x00000000fed40000)
  from space 9408K, 3% used [0x00000000ff6d0000,0x00000000ff726520,0x0000000100000000)
  to   space 9600K, 0% used [0x00000000fed40000,0x00000000fed40000,0x00000000ff6a0000)
 ParOldGen       total 87424K, used 9651K [0x00000000e0000000, 0x00000000e5560000, 0x00000000f5560000)
  object space 87424K, 11% used [0x00000000e0000000,0x00000000e096ce48,0x00000000e5560000)
 PSPermGen       total 21248K, used 20478K [0x00000000dae00000, 0x00000000dc2c0000, 0x00000000e0000000)
  object space 21248K, 96% used [0x00000000dae00000,0x00000000dc1ffa40,0x00000000dc2c0000)
}

