# JRE version: 7.0_13-b20
# Java VM: Java HotSpot(TM) 64-Bit Server VM (23.7-b01 mixed mode windows-amd64 compressed oops)
Heap
 PSYoungGen      total 155712K, used 80927K [0x00000000f5560000, 0x0000000100000000, 0x0000000100000000)
  eden space 155520K, 51% used [0x00000000f5560000,0x00000000fa43ad80,0x00000000fed40000)
  from space 192K, 93% used [0x00000000fed40000,0x00000000fed6cfa8,0x00000000fed70000)
  to   space 9728K, 0% used [0x00000000ff680000,0x00000000ff680000,0x0000000100000000)
 ParOldGen       total 87424K, used 10441K [0x00000000e0000000, 0x00000000e5560000, 0x00000000f5560000)
  object space 87424K, 11% used [0x00000000e0000000,0x00000000e0a32540,0x00000000e5560000)
 PSPermGen       total 26816K, used 26635K [0x00000000dae00000, 0x00000000dc830000, 0x00000000e0000000)
  object space 26816K, 99% used [0x00000000dae00000,0x00000000dc802d90,0x00000000dc830000)
GC Heap History (10 events):
Event: 14.322 GC heap before
{Heap before GC invocations=7 (full 0):
 PSYoungGen      total 166336K, used 163069K [0x00000000f5560000, 0x0000000100000000, 0x0000000100000000)
  eden space 157632K, 99% used [0x00000000f5560000,0x00000000fef39538,0x00000000fef50000)
  from space 8704K, 63% used [0x00000000ff780000,0x00000000ffce6270,0x0000000100000000)
  to   space 8384K, 0% used [0x00000000fef50000,0x00000000fef50000,0x00000000ff780000)
 ParOldGen       total 87424K, used 4301K [0x00000000e0000000, 0x00000000e5560000, 0x00000000f5560000)
  object space 87424K, 4% used [0x00000000e0000000,0x00000000e04335a0,0x00000000e5560000)
 PSPermGen       total 21248K, used 20483K [0x00000000dae00000, 0x00000000dc2c0000, 0x00000000e0000000)
  object space 21248K, 96% used [0x00000000dae00000,0x00000000dc200ea8,0x00000000dc2c0000)
Event: 14.335 GC heap after
Heap after GC invocations=7 (full 0):
 PSYoungGen      total 166016K, used 3528K [0x00000000f5560000, 0x0000000100000000, 0x0000000100000000)
  eden space 157632K, 0% used [0x00000000f5560000,0x00000000f5560000,0x00000000fef50000)
  from space 8384K, 42% used [0x00000000fef50000,0x00000000ff2c2078,0x00000000ff780000)
  to   space 8576K, 0% used [0x00000000ff7a0000,0x00000000ff7a0000,0x0000000100000000)
 ParOldGen       total 87424K, used 6492K [0x00000000e0000000, 0x00000000e5560000, 0x00000000f5560000)
  object space 87424K, 7% used [0x00000000e0000000,0x00000000e0657208,0x00000000e5560000)
 PSPermGen       total 21248K, used 20483K [0x00000000dae00000, 0x00000000dc2c0000, 0x00000000e0000000)
  object space 21248K, 96% used [0x00000000dae00000,0x00000000dc200ea8,0x00000000dc2c0000)
}
Event: 14.414 GC heap before
{Heap before GC invocations=8 (full 0):
 PSYoungGen      total 166016K, used 160885K [0x00000000f5560000, 0x0000000100000000, 0x0000000100000000)
  eden space 157632K, 99% used [0x00000000f5560000,0x00000000fef0b6c8,0x00000000fef50000)
  from space 8384K, 42% used [0x00000000fef50000,0x00000000ff2c2078,0x00000000ff780000)
  to   space 8576K, 0% used [0x00000000ff7a0000,0x00000000ff7a0000,0x0000000100000000)
 ParOldGen       total 87424K, used 6492K [0x00000000e0000000, 0x00000000e5560000, 0x00000000f5560000)
  object space 87424K, 7% used [0x00000000e0000000,0x00000000e0657208,0x00000000e5560000)
 PSPermGen       total 21248K, used 20483K [0x00000000dae00000, 0x00000000dc2c0000, 0x00000000e0000000)
  object space 21248K, 96% used [0x00000000dae00000,0x00000000dc200ea8,0x00000000dc2c0000)
Event: 14.421 GC heap after
Heap after GC invocations=8 (full 0):
 PSYoungGen      total 164736K, used 330K [0x00000000f5560000, 0x0000000100000000, 0x0000000100000000)
  eden space 156160K, 0% used [0x00000000f5560000,0x00000000f5560000,0x00000000fede0000)
  from space 8576K, 3% used [0x00000000ff7a0000,0x00000000ff7f2940,0x0000000100000000)
  to   space 9280K, 0% used [0x00000000fede0000,0x00000000fede0000,0x00000000ff6f0000)
 ParOldGen       total 87424K, used 9642K [0x00000000e0000000, 0x00000000e5560000, 0x00000000f5560000)
  object space 87424K, 11% used [0x00000000e0000000,0x00000000e096aa08,0x00000000e5560000)
 PSPermGen       total 21248K, used 20483K [0x00000000dae00000, 0x00000000dc2c0000, 0x00000000e0000000)
  object space 21248K, 96% used [0x00000000dae00000,0x00000000dc200ea8,0x00000000dc2c0000)
}
Event: 14.896 GC heap before
{Heap before GC invocations=9 (full 0):
 PSYoungGen      total 164736K, used 156490K [0x00000000f5560000, 0x0000000100000000, 0x0000000100000000)
  eden space 156160K, 100% used [0x00000000f5560000,0x00000000fede0000,0x00000000fede0000)
  from space 8576K, 3% used [0x00000000ff7a0000,0x00000000ff7f2940,0x0000000100000000)
  to   space 9280K, 0% used [0x00000000fede0000,0x00000000fede0000,0x00000000ff6f0000)
 ParOldGen       total 87424K, used 9642K [0x00000000e0000000, 0x00000000e5560000, 0x00000000f5560000)
  object space 87424K, 11% used [0x00000000e0000000,0x00000000e096aa08,0x00000000e5560000)
 PSPermGen       total 21248K, used 21138K [0x00000000dae00000, 0x00000000dc2c0000, 0x00000000e0000000)
  object space 21248K, 99% used [0x00000000dae00000,0x00000000dc2a4b58,0x00000000dc2c0000)
Event: 14.903 GC heap after
Heap after GC invocations=9 (full 0):
 PSYoungGen      total 157056K, used 836K [0x00000000f5560000, 0x0000000100000000, 0x0000000100000000)
  eden space 156160K, 0% used [0x00000000f5560000,0x00000000f5560000,0x00000000fede0000)
  from space 896K, 93% used [0x00000000fede0000,0x00000000feeb10d8,0x00000000feec0000)
  to   space 9536K, 0% used [0x00000000ff6b0000,0x00000000ff6b0000,0x0000000100000000)
 ParOldGen       total 87424K, used 9642K [0x00000000e0000000, 0x00000000e5560000, 0x00000000f5560000)
  object space 87424K, 11% used [0x00000000e0000000,0x00000000e096aa08,0x00000000e5560000)
 PSPermGen       total 21248K, used 21138K [0x00000000dae00000, 0x00000000dc2c0000, 0x00000000e0000000)
  object space 21248K, 99% used [0x00000000dae00000,0x00000000dc2a4b58,0x00000000dc2c0000)
}
Event: 15.958 GC heap before
{Heap before GC invocations=10 (full 0):
 PSYoungGen      total 157056K, used 156896K [0x00000000f5560000, 0x0000000100000000, 0x0000000100000000)
  eden space 156160K, 99% used [0x00000000f5560000,0x00000000fedc7300,0x00000000fede0000)
  from space 896K, 93% used [0x00000000fede0000,0x00000000feeb10d8,0x00000000feec0000)
  to   space 9536K, 0% used [0x00000000ff6b0000,0x00000000ff6b0000,0x0000000100000000)
 ParOldGen       total 87424K, used 9642K [0x00000000e0000000, 0x00000000e5560000, 0x00000000f5560000)
  object space 87424K, 11% used [0x00000000e0000000,0x00000000e096aa08,0x00000000e5560000)
 PSPermGen       total 23360K, used 23337K [0x00000000dae00000, 0x00000000dc4d0000, 0x00000000e0000000)
  object space 23360K, 99% used [0x00000000dae00000,0x00000000dc4ca4a0,0x00000000dc4d0000)
Event: 15.961 GC heap after
Heap after GC invocations=10 (full 0):
 PSYoungGen      total 165056K, used 1164K [0x00000000f5560000, 0x0000000100000000, 0x0000000100000000)
  eden space 155520K, 0% used [0x00000000f5560000,0x00000000f5560000,0x00000000fed40000)
  from space 9536K, 12% used [0x00000000ff6b0000,0x00000000ff7d3090,0x0000000100000000)
  to   space 9600K, 0% used [0x00000000fed40000,0x00000000fed40000,0x00000000ff6a0000)
 ParOldGen       total 87424K, used 9642K [0x00000000e0000000, 0x00000000e5560000, 0x00000000f5560000)
  object space 87424K, 11% used [0x00000000e0000000,0x00000000e096aa08,0x00000000e5560000)
 PSPermGen       total 23360K, used 23337K [0x00000000dae00000, 0x00000000dc4d0000, 0x00000000e0000000)
  object space 23360K, 99% used [0x00000000dae00000,0x00000000dc4ca4a0,0x00000000dc4d0000)
}
Event: 16.039 GC heap before
{Heap before GC invocations=11 (full 0):
 PSYoungGen      total 165056K, used 156555K [0x00000000f5560000, 0x0000000100000000, 0x0000000100000000)
  eden space 155520K, 99% used [0x00000000f5560000,0x00000000fed1fbb8,0x00000000fed40000)
  from space 9536K, 12% used [0x00000000ff6b0000,0x00000000ff7d3090,0x0000000100000000)
  to   space 9600K, 0% used [0x00000000fed40000,0x00000000fed40000,0x00000000ff6a0000)
 ParOldGen       total 87424K, used 9642K [0x00000000e0000000, 0x00000000e5560000, 0x00000000f5560000)
  object space 87424K, 11% used [0x00000000e0000000,0x00000000e096aa08,0x00000000e5560000)
 PSPermGen       total 23360K, used 23337K [0x00000000dae00000, 0x00000000dc4d0000, 0x00000000e0000000)
  object space 23360K, 99% used [0x00000000dae00000,0x00000000dc4ca4a0,0x00000000dc4d0000)
Event: 16.041 GC heap after
Heap after GC invocations=11 (full 0):
 PSYoungGen      total 155712K, used 179K [0x00000000f5560000, 0x0000000100000000, 0x0000000100000000)
  eden space 155520K, 0% used [0x00000000f5560000,0x00000000f5560000,0x00000000fed40000)
  from space 192K, 93% used [0x00000000fed40000,0x00000000fed6cfa8,0x00000000fed70000)
  to   space 9728K, 0% used [0x00000000ff680000,0x00000000ff680000,0x0000000100000000)
 ParOldGen       total 87424K, used 10441K [0x00000000e0000000, 0x00000000e5560000, 0x00000000f5560000)
  object space 87424K, 11% used [0x00000000e0000000,0x00000000e0a32540,0x00000000e5560000)
 PSPermGen       total 23360K, used 23337K [0x00000000dae00000, 0x00000000dc4d0000, 0x00000000e0000000)
  object space 23360K, 99% used [0x00000000dae00000,0x00000000dc4ca4a0,0x00000000dc4d0000)
}

